{"sessionId": "18dc1b", "runId": "integration", "hypothesisId": "A", "location": "test-all-modules.py", "message": "health", "data": {"ok": true, "status": 200, "data": {"ok": true}}, "timestamp": 1779154116470}
{"sessionId": "18dc1b", "runId": "integration", "hypothesisId": "A", "location": "test-all-modules.py", "message": "health_db", "data": {"ok": true, "status": 200, "data": {"ok": true, "database": "connected"}}, "timestamp": 1779154116550}
{"sessionId": "18dc1b", "runId": "integration", "hypothesisId": "B", "location": "test-all-modules.py", "message": "catalog_list", "data": {"ok": true, "status": 200, "count": 5, "ids": [104, 109, 101, 111, 105]}, "timestamp": 1779154116607}
{"sessionId": "18dc1b", "hypothesisId": "B", "location": "catalog/router.py:get_event_detail", "message": "after get_event_by_id", "data": {"event_id": 104, "found": true, "status": "approved"}, "timestamp": 1779154116677}
{"sessionId": "18dc1b", "runId": "integration", "hypothesisId": "B", "location": "test-all-modules.py", "message": "catalog_detail_104", "data": {"ok": true, "status": 200, "event_id": 104}, "timestamp": 1779154116678}
{"sessionId": "18dc1b", "runId": "integration", "hypothesisId": "B", "location": "test-all-modules.py", "message": "catalog_categories", "data": {"ok": true, "status": 200}, "timestamp": 1779154116732}
{"sessionId": "18dc1b", "runId": "integration", "hypothesisId": "C", "location": "test-all-modules.py", "message": "auth_login", "data": {"ok": true, "status": 200}, "timestamp": 1779154117022}
{"sessionId": "18dc1b", "runId": "integration", "hypothesisId": "C", "location": "test-all-modules.py", "message": "users_me", "data": {"ok": true, "status": 200, "role": "admin"}, "timestamp": 1779154117065}
{"sessionId": "18dc1b", "runId": "integration", "hypothesisId": "D", "location": "test-all-modules.py", "message": "admin_metrics", "data": {"ok": true, "status": 200}, "timestamp": 1779154117106}
{"sessionId": "18dc1b", "runId": "integration", "hypothesisId": "D", "location": "test-all-modules.py", "message": "admin_pending", "data": {"ok": true, "status": 200, "count": 0}, "timestamp": 1779154117135}
{"sessionId": "18dc1b", "runId": "integration", "hypothesisId": "E", "location": "test-all-modules.py", "message": "notifications", "data": {"ok": true, "status": 200}, "timestamp": 1779154117151}
{"sessionId": "18dc1b", "runId": "integration", "hypothesisId": "E", "location": "test-all-modules.py", "message": "push_vapid", "data": {"ok": true, "status": 200, "enabled": true}, "timestamp": 1779154117153}
{"sessionId": "18dc1b", "runId": "integration", "hypothesisId": "F", "location": "test-all-modules.py", "message": "organizer_list", "data": {"ok": true, "status": 200}, "timestamp": 1779154117177}
{"sessionId": "18dc1b", "runId": "integration", "hypothesisId": "G", "location": "test-all-modules.py", "message": "chat_messages", "data": {"ok": true, "status": 200}, "timestamp": 1779154117180}
{"sessionId": "18dc1b", "runId": "integration", "hypothesisId": "SUMMARY", "location": "test-all-modules.py", "message": "complete", "data": {"failed": 0, "total": 13, "results": [{"module": "health", "ok": true, "status": 200, "data": {"ok": true}}, {"module": "health_db", "ok": true, "status": 200, "data": {"ok": true, "database": "connected"}}, {"module": "catalog_list", "ok": true, "status": 200, "count": 5, "ids": [104, 109, 101, 111, 105]}, {"module": "catalog_detail_104", "ok": true, "status": 200, "event_id": 104}, {"module": "catalog_categories", "ok": true, "status": 200}, {"module": "auth_login", "ok": true, "status": 200}, {"module": "users_me", "ok": true, "status": 200, "role": "admin"}, {"module": "admin_metrics", "ok": true, "status": 200}, {"module": "admin_pending", "ok": true, "status": 200, "count": 0}, {"module": "notifications", "ok": true, "status": 200}, {"module": "push_vapid", "ok": true, "status": 200, "enabled": true}, {"module": "organizer_list", "ok": true, "status": 200}, {"module": "chat_messages", "ok": true, "status": 200}]}, "timestamp": 1779154117180}
{"sessionId": "18dc1b", "hypothesisId": "B", "location": "catalog/router.py:get_event_detail", "message": "after get_event_by_id", "data": {"event_id": 102, "found": true, "status": "approved"}, "timestamp": 1779154244616}
{"sessionId": "18dc1b", "hypothesisId": "B", "location": "catalog/router.py:get_event_detail", "message": "after get_event_by_id", "data": {"event_id": 104, "found": true, "status": "approved"}, "timestamp": 1779154268191}
{"sessionId": "18dc1b", "hypothesisId": "B", "location": "catalog/router.py:get_event_detail", "message": "after get_event_by_id", "data": {"event_id": 8, "found": true, "status": "approved"}, "timestamp": 1779154309101}
{"sessionId": "18dc1b", "hypothesisId": "B", "location": "catalog/router.py:get_event_detail", "message": "after get_event_by_id", "data": {"event_id": 8, "found": true, "status": "approved"}, "timestamp": 1779154311221}
{"sessionId": "18dc1b", "hypothesisId": "B", "location": "catalog/router.py:get_event_detail", "message": "after get_event_by_id", "data": {"event_id": 104, "found": true, "status": "approved"}, "timestamp": 1779155949767}
{"sessionId": "18dc1b", "hypothesisId": "B", "location": "catalog/router.py:get_event_detail", "message": "after get_event_by_id", "data": {"event_id": 104, "found": true, "status": "approved"}, "timestamp": 1779155999889}
{"sessionId": "18dc1b", "hypothesisId": "B", "location": "catalog/router.py:get_event_detail", "message": "after get_event_by_id", "data": {"event_id": 101, "found": true, "status": "approved"}, "timestamp": 1779156000002}
{"sessionId": "18dc1b", "hypothesisId": "B", "location": "catalog/router.py:get_event_detail", "message": "after get_event_by_id", "data": {"event_id": 109, "found": true, "status": "approved"}, "timestamp": 1779156000082}
{"sessionId": "18dc1b", "hypothesisId": "B", "location": "catalog/router.py:get_event_detail", "message": "after get_event_by_id", "data": {"event_id": 104, "found": true, "status": "approved"}, "timestamp": 1779156030222}
{"sessionId": "18dc1b", "hypothesisId": "B", "location": "catalog/router.py:get_event_detail", "message": "after get_event_by_id", "data": {"event_id": 109, "found": true, "status": "approved"}, "timestamp": 1779156030234}
{"sessionId": "18dc1b", "hypothesisId": "B", "location": "catalog/router.py:get_event_detail", "message": "after get_event_by_id", "data": {"event_id": 101, "found": true, "status": "approved"}, "timestamp": 1779156030246}
{"sessionId": "18dc1b", "hypothesisId": "B", "location": "catalog/router.py:get_event_detail", "message": "after get_event_by_id", "data": {"event_id": 111, "found": true, "status": "approved"}, "timestamp": 1779156030266}
{"sessionId": "18dc1b", "hypothesisId": "B", "location": "catalog/router.py:get_event_detail", "message": "after get_event_by_id", "data": {"event_id": 105, "found": true, "status": "approved"}, "timestamp": 1779156030290}
{"sessionId": "18dc1b", "hypothesisId": "B", "location": "catalog/router.py:get_event_detail", "message": "after get_event_by_id", "data": {"event_id": 108, "found": true, "status": "approved"}, "timestamp": 1779156030304}
{"sessionId": "18dc1b", "hypothesisId": "B", "location": "catalog/router.py:get_event_detail", "message": "after get_event_by_id", "data": {"event_id": 102, "found": true, "status": "approved"}, "timestamp": 1779156030318}
{"sessionId": "18dc1b", "hypothesisId": "B", "location": "catalog/router.py:get_event_detail", "message": "after get_event_by_id", "data": {"event_id": 107, "found": true, "status": "approved"}, "timestamp": 1779156030328}
{"sessionId": "18dc1b", "hypothesisId": "B", "location": "catalog/router.py:get_event_detail", "message": "after get_event_by_id", "data": {"event_id": 110, "found": true, "status": "approved"}, "timestamp": 1779156030338}
{"sessionId": "18dc1b", "hypothesisId": "B", "location": "catalog/router.py:get_event_detail", "message": "after get_event_by_id", "data": {"event_id": 106, "found": true, "status": "approved"}, "timestamp": 1779156030351}
{"sessionId": "18dc1b", "hypothesisId": "B", "location": "catalog/router.py:get_event_detail", "message": "after get_event_by_id", "data": {"event_id": 113, "found": true, "status": "approved"}, "timestamp": 1779156030362}
{"sessionId": "18dc1b", "hypothesisId": "B", "location": "catalog/router.py:get_event_detail", "message": "after get_event_by_id", "data": {"event_id": 103, "found": true, "status": "approved"}, "timestamp": 1779156030374}
{"sessionId": "18dc1b", "hypothesisId": "B", "location": "catalog/router.py:get_event_detail", "message": "after get_event_by_id", "data": {"event_id": 112, "found": true, "status": "approved"}, "timestamp": 1779156030384}
{"sessionId": "18dc1b", "hypothesisId": "B", "location": "catalog/router.py:get_event_detail", "message": "after get_event_by_id", "data": {"event_id": 114, "found": true, "status": "approved"}, "timestamp": 1779156030393}
{"sessionId": "18dc1b", "hypothesisId": "B", "location": "catalog/router.py:get_event_detail", "message": "after get_event_by_id", "data": {"event_id": 4, "found": true, "status": "approved"}, "timestamp": 1779156030404}
{"sessionId": "18dc1b", "hypothesisId": "B", "location": "catalog/router.py:get_event_detail", "message": "after get_event_by_id", "data": {"event_id": 5, "found": true, "status": "approved"}, "timestamp": 1779156030414}
{"sessionId": "18dc1b", "hypothesisId": "B", "location": "catalog/router.py:get_event_detail", "message": "after get_event_by_id", "data": {"event_id": 8, "found": true, "status": "approved"}, "timestamp": 1779156030426}
{"sessionId": "18dc1b", "hypothesisId": "B", "location": "catalog/router.py:get_event_detail", "message": "after get_event_by_id", "data": {"event_id": 2, "found": true, "status": "approved"}, "timestamp": 1779156030436}
{"sessionId": "18dc1b", "hypothesisId": "B", "location": "catalog/router.py:get_event_detail", "message": "after get_event_by_id", "data": {"event_id": 6, "found": true, "status": "approved"}, "timestamp": 1779156030446}
{"sessionId": "18dc1b", "hypothesisId": "B", "location": "catalog/router.py:get_event_detail", "message": "after get_event_by_id", "data": {"event_id": 7, "found": true, "status": "approved"}, "timestamp": 1779156030456}
{"sessionId": "18dc1b", "hypothesisId": "B", "location": "catalog/router.py:get_event_detail", "message": "after get_event_by_id", "data": {"event_id": 104, "found": true, "status": "approved"}, "timestamp": 1779156136606}
{"sessionId": "18dc1b", "hypothesisId": "B", "location": "catalog/router.py:get_event_detail", "message": "after get_event_by_id", "data": {"event_id": 104, "found": true, "status": "approved"}, "timestamp": 1779158847193}
{"sessionId": "18dc1b", "hypothesisId": "B", "location": "catalog/router.py:get_event_detail", "message": "after get_event_by_id", "data": {"event_id": 104, "found": true, "status": "approved"}, "timestamp": 1779159308548}
{"sessionId": "18dc1b", "hypothesisId": "B", "location": "catalog/router.py:get_event_detail", "message": "after get_event_by_id", "data": {"event_id": 5, "found": true, "status": "approved"}, "timestamp": 1779159364911}
{"sessionId": "18dc1b", "hypothesisId": "B", "location": "catalog/router.py:get_event_detail", "message": "after get_event_by_id", "data": {"event_id": 110, "found": true, "status": "approved"}, "timestamp": 1779159444086}
{"sessionId": "18dc1b", "hypothesisId": "B", "location": "catalog/router.py:get_event_detail", "message": "after get_event_by_id", "data": {"event_id": 104, "found": true, "status": "approved"}, "timestamp": 1779159449456}
